<?xml version="1.0" encoding="UTF-8"?>
<robot generator="Robot 7.4.2 (Python 3.13.12 on win32)" generated="2026-03-25T23:26:44.422220" rpa="false" schemaversion="5">
<suite id="s1" name="Tests" source="C:\Users\jpper\OneDrive\Área de Trabalho\Challenger3-ServestRest-Robot_Framework\tests">
<suite id="s1-s1" name="Usuarios" source="C:\Users\jpper\OneDrive\Área de Trabalho\Challenger3-ServestRest-Robot_Framework\tests\usuarios.robot">
<test id="s1-s1-t1" name="Cenario Positivo - Listar Usuarios" line="6">
<kw name="Criar Sessao">
<msg time="2026-03-25T23:26:44.617618" level="FAIL">No keyword with name 'Criar Sessao' found.</msg>
<status status="FAIL" start="2026-03-25T23:26:44.616680" elapsed="0.001012">No keyword with name 'Criar Sessao' found.</status>
</kw>
<kw name="GET Usuarios">
<var>${response}</var>
<status status="NOT RUN" start="2026-03-25T23:26:44.618146" elapsed="0.000048"/>
</kw>
<kw name="Should Be Equal As Integers" owner="BuiltIn">
<arg>${response.status_code}</arg>
<arg>200</arg>
<doc>Fails if objects are unequal after converting them to integers.</doc>
<status status="NOT RUN" start="2026-03-25T23:26:44.618597" elapsed="0.000041"/>
</kw>
<status status="FAIL" start="2026-03-25T23:26:44.615101" elapsed="0.004061">No keyword with name 'Criar Sessao' found.</status>
</test>
<test id="s1-s1-t2" name="Cenario Negativo - Rota Invalida" line="11">
<kw name="Criar Sessao">
<msg time="2026-03-25T23:26:44.621276" level="FAIL">No keyword with name 'Criar Sessao' found.</msg>
<status status="FAIL" start="2026-03-25T23:26:44.621232" elapsed="0.000093">No keyword with name 'Criar Sessao' found.</status>
</kw>
<kw name="GET On Session">
<var>${response}</var>
<arg>serverest</arg>
<arg>/rota-invalida</arg>
<status status="NOT RUN" start="2026-03-25T23:26:44.621594" elapsed="0.000021"/>
</kw>
<kw name="Should Be Equal As Integers" owner="BuiltIn">
<arg>${response.status_code}</arg>
<arg>404</arg>
<doc>Fails if objects are unequal after converting them to integers.</doc>
<status status="NOT RUN" start="2026-03-25T23:26:44.621880" elapsed="0.000026"/>
</kw>
<status status="FAIL" start="2026-03-25T23:26:44.620229" elapsed="0.002024">No keyword with name 'Criar Sessao' found.</status>
</test>
<test id="s1-s1-t3" name="Validar Contrato - Campos" line="16">
<kw name="Criar Sessao">
<msg time="2026-03-25T23:26:44.625687" level="FAIL">No keyword with name 'Criar Sessao' found.</msg>
<status status="FAIL" start="2026-03-25T23:26:44.625574" elapsed="0.000243">No keyword with name 'Criar Sessao' found.</status>
</kw>
<kw name="GET Usuarios">
<var>${response}</var>
<status status="NOT RUN" start="2026-03-25T23:26:44.626553" elapsed="0.000054"/>
</kw>
<kw name="Dictionary Should Contain Key">
<arg>${response.json()}</arg>
<arg>usuarios</arg>
<status status="NOT RUN" start="2026-03-25T23:26:44.626975" elapsed="0.000034"/>
</kw>
<status status="FAIL" start="2026-03-25T23:26:44.623936" elapsed="0.003493">No keyword with name 'Criar Sessao' found.</status>
</test>
<status status="FAIL" start="2026-03-25T23:26:44.607131" elapsed="0.022136"/>
</suite>
<status status="FAIL" start="2026-03-25T23:26:44.424323" elapsed="0.206579"/>
</suite>
<statistics>
<total>
<stat pass="0" fail="3" skip="0">All Tests</stat>
</total>
<tag>
</tag>
<suite>
<stat name="Tests" id="s1" pass="0" fail="3" skip="0">Tests</stat>
<stat name="Usuarios" id="s1-s1" pass="0" fail="3" skip="0">Tests.Usuarios</stat>
</suite>
</statistics>
<errors>
<msg time="2026-03-25T23:26:44.612813" level="WARN">Imported resource file 'C:\Users\jpper\OneDrive\Área de Trabalho\Challenger3-ServestRest-Robot_Framework\resources\keywords.resource' is empty.</msg>
</errors>
</robot>
